<?xml version="1.0" encoding="UTF-8"?>
<!-- Generated by org.testng.reporters.JUnitXMLReporter -->
<testsuite hostname="PC341086" name="Independent test" tests="6" failures="0" timestamp="24 Mar 2017 06:40:17 GMT" time="0.034" errors="0">
  <testcase name="testMethod" time="0.011" classname="com.practice.IndependentTest"/>
  <testcase name="testMethod" time="0.01" classname="com.practice.IndependentTest"/>
  <testcase name="testMethod" time="0.011" classname="com.practice.IndependentTest"/>
  <testcase name="testMethod" time="0.001" classname="com.practice.IndependentTest"/>
  <testcase name="testMethod" time="0.002" classname="com.practice.IndependentTest"/>
  <testcase name="testMethod" time="0.002" classname="com.practice.IndependentTest"/>
</testsuite> <!-- Independent test -->
